# JRE version: OpenJDK Runtime Environment Temurin-17.0.4.1+1 (17.0.4.1+1) (build 17.0.4.1+1)
# Java VM: OpenJDK 64-Bit Server VM Temurin-17.0.4.1+1 (17.0.4.1+1, mixed mode, tiered, compressed oops, compressed class ptrs, parallel gc, windows-amd64)
GC Precious Log:
 CPUs: 8 total, 8 available
 Memory: 8078M
 Large Page Support: Disabled
 NUMA Support: Disabled
 Compressed Oops: Enabled (32-bit)
 Alignments: Space 512K, Generation 512K, Heap 2M
 Heap Min Capacity: 100M
 Heap Initial Capacity: 100M
 Heap Max Capacity: 1G
 Pre-touch: Disabled
 Parallel Workers: 8
Heap:
 PSYoungGen      total 22016K, used 14793K [0x00000000eab00000, 0x00000000ec280000, 0x0000000100000000)
  eden space 20480K, 69% used [0x00000000eab00000,0x00000000eb8d5bc0,0x00000000ebf00000)
  from space 1536K, 40% used [0x00000000ec000000,0x00000000ec09c8e8,0x00000000ec180000)
  to   space 1024K, 0% used [0x00000000ec180000,0x00000000ec180000,0x00000000ec280000)
 ParOldGen       total 68608K, used 22956K [0x00000000c0000000, 0x00000000c4300000, 0x00000000eab00000)
  object space 68608K, 33% used [0x00000000c0000000,0x00000000c166b348,0x00000000c4300000)
 Metaspace       used 41283K, committed 41984K, reserved 1089536K
  class space    used 4233K, committed 4544K, reserved 1048576K
GC Heap History (20 events):
Event: 5.866 GC heap before
{Heap before GC invocations=8 (full 1):
 PSYoungGen      total 25600K, used 25532K [0x00000000eab00000, 0x00000000ec780000, 0x0000000100000000)
  eden space 24576K, 100% used [0x00000000eab00000,0x00000000ec300000,0x00000000ec300000)
  from space 1024K, 93% used [0x00000000ec680000,0x00000000ec76f260,0x00000000ec780000)
  to   space 1536K, 0% used [0x00000000ec480000,0x00000000ec480000,0x00000000ec600000)
 ParOldGen       total 68608K, used 7227K [0x00000000c0000000, 0x00000000c4300000, 0x00000000eab00000)
  object space 68608K, 10% used [0x00000000c0000000,0x00000000c070efc0,0x00000000c4300000)
 Metaspace       used 31995K, committed 32640K, reserved 1081344K
  class space    used 3230K, committed 3520K, reserved 1048576K
}
Event: 5.868 GC heap after
{Heap after GC invocations=8 (full 1):
 PSYoungGen      total 25600K, used 1534K [0x00000000eab00000, 0x00000000ec780000, 0x0000000100000000)
  eden space 24064K, 0% used [0x00000000eab00000,0x00000000eab00000,0x00000000ec280000)
  from space 1536K, 99% used [0x00000000ec480000,0x00000000ec5ff950,0x00000000ec600000)
  to   space 1536K, 0% used [0x00000000ec600000,0x00000000ec600000,0x00000000ec780000)
 ParOldGen       total 68608K, used 7952K [0x00000000c0000000, 0x00000000c4300000, 0x00000000eab00000)
  object space 68608K, 11% used [0x00000000c0000000,0x00000000c07c4368,0x00000000c4300000)
 Metaspace       used 31995K, committed 32640K, reserved 1081344K
  class space    used 3230K, committed 3520K, reserved 1048576K
}
Event: 6.277 GC heap before
{Heap before GC invocations=9 (full 1):
 PSYoungGen      total 25600K, used 25598K [0x00000000eab00000, 0x00000000ec780000, 0x0000000100000000)
  eden space 24064K, 100% used [0x00000000eab00000,0x00000000ec280000,0x00000000ec280000)
  from space 1536K, 99% used [0x00000000ec480000,0x00000000ec5ff950,0x00000000ec600000)
  to   space 1536K, 0% used [0x00000000ec600000,0x00000000ec600000,0x00000000ec780000)
 ParOldGen       total 68608K, used 7952K [0x00000000c0000000, 0x00000000c4300000, 0x00000000eab00000)
  object space 68608K, 11% used [0x00000000c0000000,0x00000000c07c4368,0x00000000c4300000)
 Metaspace       used 34376K, committed 35008K, reserved 1081344K
  class space    used 3486K, committed 3776K, reserved 1048576K
}
Event: 6.281 GC heap after
{Heap after GC invocations=9 (full 1):
 PSYoungGen      total 25088K, used 1505K [0x00000000eab00000, 0x00000000eca00000, 0x0000000100000000)
  eden space 23552K, 0% used [0x00000000eab00000,0x00000000eab00000,0x00000000ec200000)
  from space 1536K, 98% used [0x00000000ec600000,0x00000000ec778608,0x00000000ec780000)
  to   space 4096K, 0% used [0x00000000ec200000,0x00000000ec200000,0x00000000ec600000)
 ParOldGen       total 68608K, used 9848K [0x00000000c0000000, 0x00000000c4300000, 0x00000000eab00000)
  object space 68608K, 14% used [0x00000000c0000000,0x00000000c099e3e8,0x00000000c4300000)
 Metaspace       used 34376K, committed 35008K, reserved 1081344K
  class space    used 3486K, committed 3776K, reserved 1048576K
}
Event: 6.402 GC heap before
{Heap before GC invocations=10 (full 1):
 PSYoungGen      total 25088K, used 25057K [0x00000000eab00000, 0x00000000eca00000, 0x0000000100000000)
  eden space 23552K, 100% used [0x00000000eab00000,0x00000000ec200000,0x00000000ec200000)
  from space 1536K, 98% used [0x00000000ec600000,0x00000000ec778608,0x00000000ec780000)
  to   space 4096K, 0% used [0x00000000ec200000,0x00000000ec200000,0x00000000ec600000)
 ParOldGen       total 68608K, used 9848K [0x00000000c0000000, 0x00000000c4300000, 0x00000000eab00000)
  object space 68608K, 14% used [0x00000000c0000000,0x00000000c099e3e8,0x00000000c4300000)
 Metaspace       used 34556K, committed 35136K, reserved 1081344K
  class space    used 3505K, committed 3776K, reserved 1048576K
}
Event: 6.405 GC heap after
{Heap after GC invocations=10 (full 1):
 PSYoungGen      total 26624K, used 3509K [0x00000000eab00000, 0x00000000ec980000, 0x0000000100000000)
  eden space 23040K, 0% used [0x00000000eab00000,0x00000000eab00000,0x00000000ec180000)
  from space 3584K, 97% used [0x00000000ec200000,0x00000000ec56d7c8,0x00000000ec580000)
  to   space 4096K, 0% used [0x00000000ec580000,0x00000000ec580000,0x00000000ec980000)
 ParOldGen       total 68608K, used 10248K [0x00000000c0000000, 0x00000000c4300000, 0x00000000eab00000)
  object space 68608K, 14% used [0x00000000c0000000,0x00000000c0a022c8,0x00000000c4300000)
 Metaspace       used 34556K, committed 35136K, reserved 1081344K
  class space    used 3505K, committed 3776K, reserved 1048576K
}
Event: 6.497 GC heap before
{Heap before GC invocations=11 (full 1):
 PSYoungGen      total 26624K, used 26549K [0x00000000eab00000, 0x00000000ec980000, 0x0000000100000000)
  eden space 23040K, 100% used [0x00000000eab00000,0x00000000ec180000,0x00000000ec180000)
  from space 3584K, 97% used [0x00000000ec200000,0x00000000ec56d7c8,0x00000000ec580000)
  to   space 4096K, 0% used [0x00000000ec580000,0x00000000ec580000,0x00000000ec980000)
 ParOldGen       total 68608K, used 10248K [0x00000000c0000000, 0x00000000c4300000, 0x00000000eab00000)
  object space 68608K, 14% used [0x00000000c0000000,0x00000000c0a022c8,0x00000000c4300000)
 Metaspace       used 34626K, committed 35200K, reserved 1081344K
  class space    used 3518K, committed 3776K, reserved 1048576K
}
Event: 6.502 GC heap after
{Heap after GC invocations=11 (full 1):
 PSYoungGen      total 24576K, used 4064K [0x00000000eab00000, 0x00000000ece00000, 0x0000000100000000)
  eden space 20480K, 0% used [0x00000000eab00000,0x00000000eab00000,0x00000000ebf00000)
  from space 4096K, 99% used [0x00000000ec580000,0x00000000ec978020,0x00000000ec980000)
  to   space 6656K, 0% used [0x00000000ebf00000,0x00000000ebf00000,0x00000000ec580000)
 ParOldGen       total 68608K, used 12207K [0x00000000c0000000, 0x00000000c4300000, 0x00000000eab00000)
  object space 68608K, 17% used [0x00000000c0000000,0x00000000c0bebc88,0x00000000c4300000)
 Metaspace       used 34626K, committed 35200K, reserved 1081344K
  class space    used 3518K, committed 3776K, reserved 1048576K
}
Event: 6.565 GC heap before
{Heap before GC invocations=12 (full 1):
 PSYoungGen      total 24576K, used 24544K [0x00000000eab00000, 0x00000000ece00000, 0x0000000100000000)
  eden space 20480K, 100% used [0x00000000eab00000,0x00000000ebf00000,0x00000000ebf00000)
  from space 4096K, 99% used [0x00000000ec580000,0x00000000ec978020,0x00000000ec980000)
  to   space 6656K, 0% used [0x00000000ebf00000,0x00000000ebf00000,0x00000000ec580000)
 ParOldGen       total 68608K, used 12207K [0x00000000c0000000, 0x00000000c4300000, 0x00000000eab00000)
  object space 68608K, 17% used [0x00000000c0000000,0x00000000c0bebc88,0x00000000c4300000)
 Metaspace       used 34626K, committed 35200K, reserved 1081344K
  class space    used 3518K, committed 3776K, reserved 1048576K
}
Event: 6.570 GC heap after
{Heap after GC invocations=12 (full 1):
 PSYoungGen      total 23040K, used 2304K [0x00000000eab00000, 0x00000000ec700000, 0x0000000100000000)
  eden space 20480K, 0% used [0x00000000eab00000,0x00000000eab00000,0x00000000ebf00000)
  from space 2560K, 90% used [0x00000000ebf00000,0x00000000ec140000,0x00000000ec180000)
  to   space 4096K, 0% used [0x00000000ec300000,0x00000000ec300000,0x00000000ec700000)
 ParOldGen       total 68608K, used 16330K [0x00000000c0000000, 0x00000000c4300000, 0x00000000eab00000)
  object space 68608K, 23% used [0x00000000c0000000,0x00000000c0ff2ba8,0x00000000c4300000)
 Metaspace       used 34626K, committed 35200K, reserved 1081344K
  class space    used 3518K, committed 3776K, reserved 1048576K
}
Event: 6.614 GC heap before
{Heap before GC invocations=13 (full 1):
 PSYoungGen      total 23040K, used 22784K [0x00000000eab00000, 0x00000000ec700000, 0x0000000100000000)
  eden space 20480K, 100% used [0x00000000eab00000,0x00000000ebf00000,0x00000000ebf00000)
  from space 2560K, 90% used [0x00000000ebf00000,0x00000000ec140000,0x00000000ec180000)
  to   space 4096K, 0% used [0x00000000ec300000,0x00000000ec300000,0x00000000ec700000)
 ParOldGen       total 68608K, used 16330K [0x00000000c0000000, 0x00000000c4300000, 0x00000000eab00000)
  object space 68608K, 23% used [0x00000000c0000000,0x00000000c0ff2ba8,0x00000000c4300000)
 Metaspace       used 34626K, committed 35200K, reserved 1081344K
  class space    used 3518K, committed 3776K, reserved 1048576K
}
Event: 6.618 GC heap after
{Heap after GC invocations=13 (full 1):
 PSYoungGen      total 23040K, used 2496K [0x00000000eab00000, 0x00000000ec580000, 0x0000000100000000)
  eden space 20480K, 0% used [0x00000000eab00000,0x00000000eab00000,0x00000000ebf00000)
  from space 2560K, 97% used [0x00000000ec300000,0x00000000ec570010,0x00000000ec580000)
  to   space 3072K, 0% used [0x00000000ebf80000,0x00000000ebf80000,0x00000000ec280000)
 ParOldGen       total 68608K, used 18570K [0x00000000c0000000, 0x00000000c4300000, 0x00000000eab00000)
  object space 68608K, 27% used [0x00000000c0000000,0x00000000c1222ba8,0x00000000c4300000)
 Metaspace       used 34626K, committed 35200K, reserved 1081344K
  class space    used 3518K, committed 3776K, reserved 1048576K
}
Event: 6.818 GC heap before
{Heap before GC invocations=14 (full 1):
 PSYoungGen      total 23040K, used 17068K [0x00000000eab00000, 0x00000000ec580000, 0x0000000100000000)
  eden space 20480K, 71% used [0x00000000eab00000,0x00000000eb93b2b0,0x00000000ebf00000)
  from space 2560K, 97% used [0x00000000ec300000,0x00000000ec570010,0x00000000ec580000)
  to   space 3072K, 0% used [0x00000000ebf80000,0x00000000ebf80000,0x00000000ec280000)
 ParOldGen       total 68608K, used 18570K [0x00000000c0000000, 0x00000000c4300000, 0x00000000eab00000)
  object space 68608K, 27% used [0x00000000c0000000,0x00000000c1222ba8,0x00000000c4300000)
 Metaspace       used 35229K, committed 35840K, reserved 1089536K
  class space    used 3581K, committed 3840K, reserved 1048576K
}
Event: 6.822 GC heap after
{Heap after GC invocations=14 (full 1):
 PSYoungGen      total 23040K, used 2372K [0x00000000eab00000, 0x00000000ec400000, 0x0000000100000000)
  eden space 20480K, 0% used [0x00000000eab00000,0x00000000eab00000,0x00000000ebf00000)
  from space 2560K, 92% used [0x00000000ebf80000,0x00000000ec1d13d0,0x00000000ec200000)
  to   space 2048K, 0% used [0x00000000ec200000,0x00000000ec200000,0x00000000ec400000)
 ParOldGen       total 68608K, used 20922K [0x00000000c0000000, 0x00000000c4300000, 0x00000000eab00000)
  object space 68608K, 30% used [0x00000000c0000000,0x00000000c146ebb8,0x00000000c4300000)
 Metaspace       used 35229K, committed 35840K, reserved 1089536K
  class space    used 3581K, committed 3840K, reserved 1048576K
}
Event: 6.822 GC heap before
{Heap before GC invocations=15 (full 2):
 PSYoungGen      total 23040K, used 2372K [0x00000000eab00000, 0x00000000ec400000, 0x0000000100000000)
  eden space 20480K, 0% used [0x00000000eab00000,0x00000000eab00000,0x00000000ebf00000)
  from space 2560K, 92% used [0x00000000ebf80000,0x00000000ec1d13d0,0x00000000ec200000)
  to   space 2048K, 0% used [0x00000000ec200000,0x00000000ec200000,0x00000000ec400000)
 ParOldGen       total 68608K, used 20922K [0x00000000c0000000, 0x00000000c4300000, 0x00000000eab00000)
  object space 68608K, 30% used [0x00000000c0000000,0x00000000c146ebb8,0x00000000c4300000)
 Metaspace       used 35229K, committed 35840K, reserved 1089536K
  class space    used 3581K, committed 3840K, reserved 1048576K
}
Event: 6.871 GC heap after
{Heap after GC invocations=15 (full 2):
 PSYoungGen      total 23040K, used 0K [0x00000000eab00000, 0x00000000ec400000, 0x0000000100000000)
  eden space 20480K, 0% used [0x00000000eab00000,0x00000000eab00000,0x00000000ebf00000)
  from space 2560K, 0% used [0x00000000ebf80000,0x00000000ebf80000,0x00000000ec200000)
  to   space 2048K, 0% used [0x00000000ec200000,0x00000000ec200000,0x00000000ec400000)
 ParOldGen       total 68608K, used 22427K [0x00000000c0000000, 0x00000000c4300000, 0x00000000eab00000)
  object space 68608K, 32% used [0x00000000c0000000,0x00000000c15e6e40,0x00000000c4300000)
 Metaspace       used 35229K, committed 35840K, reserved 1089536K
  class space    used 3581K, committed 3840K, reserved 1048576K
}
Event: 7.276 GC heap before
{Heap before GC invocations=16 (full 2):
 PSYoungGen      total 23040K, used 20480K [0x00000000eab00000, 0x00000000ec400000, 0x0000000100000000)
  eden space 20480K, 100% used [0x00000000eab00000,0x00000000ebf00000,0x00000000ebf00000)
  from space 2560K, 0% used [0x00000000ebf80000,0x00000000ebf80000,0x00000000ec200000)
  to   space 2048K, 0% used [0x00000000ec200000,0x00000000ec200000,0x00000000ec400000)
 ParOldGen       total 68608K, used 22427K [0x00000000c0000000, 0x00000000c4300000, 0x00000000eab00000)
  object space 68608K, 32% used [0x00000000c0000000,0x00000000c15e6e40,0x00000000c4300000)
 Metaspace       used 37072K, committed 37696K, reserved 1089536K
  class space    used 3833K, committed 4096K, reserved 1048576K
}
Event: 7.277 GC heap after
{Heap after GC invocations=16 (full 2):
 PSYoungGen      total 21504K, used 682K [0x00000000eab00000, 0x00000000ec300000, 0x0000000100000000)
  eden space 20480K, 0% used [0x00000000eab00000,0x00000000eab00000,0x00000000ebf00000)
  from space 1024K, 66% used [0x00000000ec200000,0x00000000ec2aab50,0x00000000ec300000)
  to   space 1536K, 0% used [0x00000000ec000000,0x00000000ec000000,0x00000000ec180000)
 ParOldGen       total 68608K, used 22435K [0x00000000c0000000, 0x00000000c4300000, 0x00000000eab00000)
  object space 68608K, 32% used [0x00000000c0000000,0x00000000c15e8e40,0x00000000c4300000)
 Metaspace       used 37072K, committed 37696K, reserved 1089536K
  class space    used 3833K, committed 4096K, reserved 1048576K
}
Event: 8.479 GC heap before
{Heap before GC invocations=17 (full 2):
 PSYoungGen      total 21504K, used 21149K [0x00000000eab00000, 0x00000000ec300000, 0x0000000100000000)
  eden space 20480K, 99% used [0x00000000eab00000,0x00000000ebefcb88,0x00000000ebf00000)
  from space 1024K, 66% used [0x00000000ec200000,0x00000000ec2aab50,0x00000000ec300000)
  to   space 1536K, 0% used [0x00000000ec000000,0x00000000ec000000,0x00000000ec180000)
 ParOldGen       total 68608K, used 22435K [0x00000000c0000000, 0x00000000c4300000, 0x00000000eab00000)
  object space 68608K, 32% used [0x00000000c0000000,0x00000000c15e8e40,0x00000000c4300000)
 Metaspace       used 38921K, committed 39616K, reserved 1089536K
  class space    used 4014K, committed 4352K, reserved 1048576K
}
Event: 8.481 GC heap after
{Heap after GC invocations=17 (full 2):
 PSYoungGen      total 22016K, used 626K [0x00000000eab00000, 0x00000000ec280000, 0x0000000100000000)
  eden space 20480K, 0% used [0x00000000eab00000,0x00000000eab00000,0x00000000ebf00000)
  from space 1536K, 40% used [0x00000000ec000000,0x00000000ec09c8e8,0x00000000ec180000)
  to   space 1024K, 0% used [0x00000000ec180000,0x00000000ec180000,0x00000000ec280000)
 ParOldGen       total 68608K, used 22956K [0x00000000c0000000, 0x00000000c4300000, 0x00000000eab00000)
  object space 68608K, 33% used [0x00000000c0000000,0x00000000c166b348,0x00000000c4300000)
 Metaspace       used 38921K, committed 39616K, reserved 1089536K
  class space    used 4014K, committed 4352K, reserved 1048576K
}

